[2022-08-17T19:36:38.241] [WARN] archivo - primer warn
[2022-08-17T19:36:40.270] [WARN] archivo - primer warn
[2022-08-17T19:37:20.425] [WARN] archivo - ------primer warn
[2022-08-17T19:37:24.371] [WARN] archivo - ------primer warn
[2022-08-17T19:37:27.636] [WARN] archivo - ------primer warn
[2022-08-17T19:37:31.405] [WARN] archivo - ------primer warn
[2022-08-17T19:37:35.038] [WARN] archivo - ------primer warn
[2022-08-17T19:38:01.025] [WARN] archivo - ------primer warn
[2022-08-17T19:38:02.779] [WARN] archivo - ------primer warn
[2022-08-17T19:38:08.921] [WARN] archivo - ------primer warn
[2022-08-17T19:38:24.976] [WARN] archivo - ------primer warn
[2022-08-17T19:38:38.068] [WARN] archivo - ------primer warn
[2022-08-17T19:38:39.229] [WARN] archivo - ------primer warn
[2022-08-17T19:38:58.237] [WARN] archivo - ------tercer warn
[2022-08-17T19:38:58.803] [WARN] archivo - ------tercer warn
[2022-08-17T19:38:59.257] [WARN] archivo - ------tercer warn
[2022-08-17T19:40:52.237] [WARN] archivo - ------primer warn
[2022-08-17T19:41:07.066] [WARN] archivo - ------primer warn
[2022-08-17T19:41:19.873] [WARN] archivo - ------primer warn
[2022-08-17T19:41:33.288] [WARN] archivo - ------primer warn
[2022-08-17T19:41:40.993] [WARN] archivo - ------primer warn
[2022-08-17T19:41:45.130] [WARN] archivo - ------primer warn
[2022-08-17T19:41:47.776] [WARN] archivo - ------primer warn
[2022-08-17T19:42:07.091] [WARN] archivo - ------primer warn
[2022-08-17T19:42:12.733] [WARN] archivo - ------tercer warn
[2022-08-17T19:42:50.316] [WARN] archivo - ------primer warn
[2022-08-17T19:43:10.110] [WARN] archivo - ------primer warn
[2022-08-17T19:43:16.179] [WARN] archivo - ------primer warn
[2022-08-17T19:43:21.151] [WARN] archivo - ------primer warn
[2022-08-17T19:43:22.667] [WARN] archivo - ------tercer warn
[2022-08-17T19:43:35.607] [WARN] archivo - ------segundo warn
[2022-08-17T19:43:44.399] [WARN] archivo - ------tercer warn
[2022-08-17T19:44:18.996] [WARN] archivo - ------cuarto warn
[2022-08-17T20:01:12.363] [WARN] archivo - ------primer warn
[2022-08-17T22:34:10.028] [WARN] archivo - ------primer warn
[2022-08-17T23:02:01.395] [WARN] archivo - ------primer warn
[2022-08-17T23:28:37.830] [WARN] archivo - ------primer warn
